Arguments: 
  /usr/local/bin/node /usr/local/bin/yarn add puppeteer-auto-scroll-down

PATH: 
  /home/sj/.local/bin:/usr/local/sbin:/usr/local/bin:/usr/sbin:/usr/bin:/sbin:/bin:/usr/games:/usr/local/games:/snap/bin

Yarn version: 
  1.21.1

Node version: 
  13.6.0

Platform: 
  linux x64

Trace: 
  Error: https://registry.yarnpkg.com/puppeteer-auto-scroll-down: Not found
      at Request.params.callback [as _callback] (/usr/local/lib/node_modules/yarn/lib/cli.js:66947:18)
      at Request.self.callback (/usr/local/lib/node_modules/yarn/lib/cli.js:140665:22)
      at Request.emit (events.js:321:20)
      at Request.<anonymous> (/usr/local/lib/node_modules/yarn/lib/cli.js:141637:10)
      at Request.emit (events.js:321:20)
      at IncomingMessage.<anonymous> (/usr/local/lib/node_modules/yarn/lib/cli.js:141559:12)
      at Object.onceWrapper (events.js:427:28)
      at IncomingMessage.emit (events.js:333:22)
      at endReadableNT (_stream_readable.js:1220:12)
      at processTicksAndRejections (internal/process/task_queues.js:84:21)

npm manifest: 
  {
    "name": "instamanager",
    "version": "1.0.0",
    "description": "Instamanager with puppeteer",
    "main": "index.js",
    "dependencies": {
      "pg": "^7.17.1",
      "puppeteer": "^2.0.0"
    },
    "devDependencies": {},
    "scripts": {
      "test": "echo \"Error: no test specified\" && exit 1"
    },
    "repository": {
      "type": "git",
      "url": "git+https://github.com/sj-log/instamanager.git"
    },
    "keywords": [
      "catsns",
      "packages"
    ],
    "author": "SJ",
    "license": "ISC",
    "bugs": {
      "url": "https://github.com/sj-log/instamanager/issues"
    },
    "homepage": "https://github.com/sj-log/instamanager#readme"
  }

yarn manifest: 
  No manifest

Lockfile: 
  No lockfile
